[debug] [2021-09-23T15:41:16.871Z] ----------------------------------------------------------------------
[debug] [2021-09-23T15:41:16.876Z] Command:       /usr/bin/node /usr/bin/firebase deploy
[debug] [2021-09-23T15:41:16.876Z] CLI Version:   9.16.0
[debug] [2021-09-23T15:41:16.877Z] Platform:      linux
[debug] [2021-09-23T15:41:16.877Z] Node Version:  v16.9.1
[debug] [2021-09-23T15:41:16.920Z] Time:          Thu Sep 23 2021 12:41:16 GMT-0300 (Brasilia Standard Time)
[debug] [2021-09-23T15:41:16.921Z] ----------------------------------------------------------------------
[debug] 
[debug] [2021-09-23T15:41:16.940Z] >>> [apiv2][query] GET https://firebase-public.firebaseio.com/cli.json [none]
[debug] [2021-09-23T15:41:17.073Z] > command requires scopes: ["email","openid","https://www.googleapis.com/auth/cloudplatformprojects.readonly","https://www.googleapis.com/auth/firebase","https://www.googleapis.com/auth/cloud-platform"]
[debug] [2021-09-23T15:41:17.073Z] > authorizing via signed-in user (foremind2021@gmail.com)
[debug] [2021-09-23T15:41:17.073Z] [iam] checking project marcelloinfante-671b0 for permissions ["firebase.projects.get","firebasehosting.sites.update"]
[debug] [2021-09-23T15:41:17.075Z] > refreshing access token with scopes: ["email","https://www.googleapis.com/auth/cloud-platform","https://www.googleapis.com/auth/cloudplatformprojects.readonly","https://www.googleapis.com/auth/firebase","openid"]
[debug] [2021-09-23T15:41:17.075Z] >>> HTTP REQUEST POST https://www.googleapis.com/oauth2/v3/token  
 <request body omitted>
[debug] [2021-09-23T15:41:17.292Z] <<< HTTP RESPONSE 200 {"pragma":"no-cache","date":"Thu, 23 Sep 2021 15:41:17 GMT","expires":"Mon, 01 Jan 1990 00:00:00 GMT","cache-control":"no-cache, no-store, max-age=0, must-revalidate","content-type":"application/json; charset=utf-8","vary":"X-Origin, Referer, Origin,Accept-Encoding","server":"scaffolding on HTTPServer2","x-xss-protection":"0","x-frame-options":"SAMEORIGIN","x-content-type-options":"nosniff","alt-svc":"h3=\":443\"; ma=2592000,h3-29=\":443\"; ma=2592000,h3-T051=\":443\"; ma=2592000,h3-Q050=\":443\"; ma=2592000,h3-Q046=\":443\"; ma=2592000,h3-Q043=\":443\"; ma=2592000,quic=\":443\"; ma=2592000; v=\"46,43\"","accept-ranges":"none","transfer-encoding":"chunked"}
[debug] [2021-09-23T15:41:17.396Z] >>> HTTP REQUEST POST https://cloudresourcemanager.googleapis.com/v1/projects/marcelloinfante-671b0:testIamPermissions  
 {"permissions":["firebase.projects.get","firebasehosting.sites.update"]}
[debug] [2021-09-23T15:41:17.573Z] <<< [apiv2][status] GET https://firebase-public.firebaseio.com/cli.json 200
[debug] [2021-09-23T15:41:17.574Z] <<< [apiv2][body] GET https://firebase-public.firebaseio.com/cli.json {"cloudBuildErrorAfter":1594252800000,"cloudBuildWarnAfter":1590019200000,"defaultNode10After":1594252800000,"minVersion":"3.0.5","node8DeploysDisabledAfter":1613390400000,"node8RuntimeDisabledAfter":1615809600000,"node8WarnAfter":1600128000000}
[debug] [2021-09-23T15:41:18.512Z] <<< HTTP RESPONSE 200 {"content-type":"application/json; charset=UTF-8","vary":"X-Origin, Referer, Origin,Accept-Encoding","date":"Thu, 23 Sep 2021 15:41:18 GMT","server":"ESF","cache-control":"private","x-xss-protection":"0","x-frame-options":"SAMEORIGIN","x-content-type-options":"nosniff","server-timing":"gfet4t7; dur=827","alt-svc":"h3=\":443\"; ma=2592000,h3-29=\":443\"; ma=2592000,h3-T051=\":443\"; ma=2592000,h3-Q050=\":443\"; ma=2592000,h3-Q046=\":443\"; ma=2592000,h3-Q043=\":443\"; ma=2592000,quic=\":443\"; ma=2592000; v=\"46,43\"","accept-ranges":"none","transfer-encoding":"chunked"}
[debug] [2021-09-23T15:41:18.514Z] [iam] error while checking permissions, command may fail: FirebaseError: Authorization failed. This account is missing the following required permissions on project marcelloinfante-671b0:

  firebase.projects.get
  firebasehosting.sites.update
[debug] [2021-09-23T15:41:18.516Z] > refreshing access token with scopes: []
[debug] [2021-09-23T15:41:18.516Z] >>> HTTP REQUEST POST https://www.googleapis.com/oauth2/v3/token  
 <request body omitted>
[debug] [2021-09-23T15:41:18.686Z] <<< HTTP RESPONSE 200 {"date":"Thu, 23 Sep 2021 15:41:18 GMT","cache-control":"no-cache, no-store, max-age=0, must-revalidate","pragma":"no-cache","expires":"Mon, 01 Jan 1990 00:00:00 GMT","content-type":"application/json; charset=utf-8","vary":"X-Origin, Referer, Origin,Accept-Encoding","server":"scaffolding on HTTPServer2","x-xss-protection":"0","x-frame-options":"SAMEORIGIN","x-content-type-options":"nosniff","alt-svc":"h3=\":443\"; ma=2592000,h3-29=\":443\"; ma=2592000,h3-T051=\":443\"; ma=2592000,h3-Q050=\":443\"; ma=2592000,h3-Q046=\":443\"; ma=2592000,h3-Q043=\":443\"; ma=2592000,quic=\":443\"; ma=2592000; v=\"46,43\"","accept-ranges":"none","transfer-encoding":"chunked"}
[debug] [2021-09-23T15:41:18.788Z] >>> [apiv2][query] GET https://firebase.googleapis.com/v1beta1/projects/marcelloinfante-671b0 [none]
[debug] [2021-09-23T15:41:19.272Z] <<< [apiv2][status] GET https://firebase.googleapis.com/v1beta1/projects/marcelloinfante-671b0 403
[debug] [2021-09-23T15:41:19.272Z] <<< [apiv2][body] GET https://firebase.googleapis.com/v1beta1/projects/marcelloinfante-671b0 {"error":{"code":403,"message":"The caller does not have permission","status":"PERMISSION_DENIED"}}
[debug] [2021-09-23T15:41:19.273Z] HTTP Error: 403, The caller does not have permission
[debug] [2021-09-23T15:41:19.444Z] FirebaseError: HTTP Error: 403, The caller does not have permission
    at module.exports (/usr/lib/node_modules/firebase-tools/lib/responseToError.js:38:12)
    at Client.doRequest (/usr/lib/node_modules/firebase-tools/lib/apiv2.js:238:23)
    at processTicksAndRejections (node:internal/process/task_queues:96:5)
    at async Client.request (/usr/lib/node_modules/firebase-tools/lib/apiv2.js:96:20)
    at async Object.getFirebaseProject (/usr/lib/node_modules/firebase-tools/lib/management/projects.js:290:21)
    at async Object.getDefaultHostingSite (/usr/lib/node_modules/firebase-tools/lib/getDefaultHostingSite.js:8:21)
    at async requireHostingSite (/usr/lib/node_modules/firebase-tools/lib/requireHostingSite.js:9:18)
    at async Object.fn (/usr/lib/node_modules/firebase-tools/lib/commands/deploy.js:65:9)
    at async /usr/lib/node_modules/firebase-tools/lib/command.js:169:17
[error] 
[error] Error: Failed to get Firebase project marcelloinfante-671b0. Please make sure the project exists and your account has permission to access it.
